[debug] [2020-11-19T16:47:46.658Z] ----------------------------------------------------------------------
[debug] [2020-11-19T16:47:46.660Z] Command:       C:\Program Files\nodejs\node.exe C:\Users\splyj\AppData\Roaming\npm\node_modules\firebase-tools\lib\bin\firebase.js init
[debug] [2020-11-19T16:47:46.661Z] CLI Version:   8.16.2
[debug] [2020-11-19T16:47:46.661Z] Platform:      win32
[debug] [2020-11-19T16:47:46.661Z] Node Version:  v14.15.0
[debug] [2020-11-19T16:47:46.662Z] Time:          Thu Nov 19 2020 17:47:46 GMT+0100 (heure normale d’Europe centrale)
[debug] [2020-11-19T16:47:46.663Z] ----------------------------------------------------------------------
[debug] [2020-11-19T16:47:46.663Z] 
[debug] [2020-11-19T16:47:46.670Z] > command requires scopes: ["email","openid","https://www.googleapis.com/auth/cloudplatformprojects.readonly","https://www.googleapis.com/auth/firebase","https://www.googleapis.com/auth/cloud-platform"]
[debug] [2020-11-19T16:47:46.671Z] > authorizing via signed-in user
[info] 
     ######## #### ########  ######## ########     ###     ######  ########
     ##        ##  ##     ## ##       ##     ##  ##   ##  ##       ##
     ######    ##  ########  ######   ########  #########  ######  ######
     ##        ##  ##    ##  ##       ##     ## ##     ##       ## ##
     ##       #### ##     ## ######## ########  ##     ##  ######  ########

You're about to initialize a Firebase project in this directory:

  C:\2iTech\Angular\ngResponsive

Before we get started, keep in mind:

  * You are currently outside your home directory
  * You are initializing in an existing Firebase project directory

[info] 
=== Project Setup
[info] 
[info] First, let's associate this project directory with a Firebase project.
[info] You can create multiple project aliases by running firebase use --add, 
[info] but for now we'll just set up a default project.
[info] 
[info] i  .firebaserc already has a default project, using ngresponsive-f6d8e. 
[debug] [2020-11-19T16:47:52.470Z] >>> HTTP REQUEST GET https://firebase.googleapis.com/v1beta1/projects/ngresponsive-f6d8e  
 
[debug] [2020-11-19T16:47:53.165Z] <<< HTTP RESPONSE 200 {"content-type":"application/json; charset=UTF-8","vary":"X-Origin, Referer, Origin,Accept-Encoding","date":"Thu, 19 Nov 2020 16:47:50 GMT","server":"ESF","cache-control":"private","x-xss-protection":"0","x-frame-options":"SAMEORIGIN","x-content-type-options":"nosniff","alt-svc":"h3-Q050=\":443\"; ma=2592000,h3-29=\":443\"; ma=2592000,h3-T051=\":443\"; ma=2592000,h3-Q046=\":443\"; ma=2592000,h3-Q043=\":443\"; ma=2592000,quic=\":443\"; ma=2592000; v=\"46,43\"","accept-ranges":"none","transfer-encoding":"chunked"}
[info] 
=== Hosting Setup
[info] 
[info] Your public directory is the folder (relative to your project directory) that
[info] will contain Hosting assets to be uploaded with firebase deploy. If you
[info] have a build process for your assets, use your build's output directory.
[info] 
